<?xml version="1.0" encoding="UTF-8"?>
<!-- Generated by org.testng.reporters.JUnitReportReporter -->
<testsuite hostname="DESKTOP-TA1D4P3" failures="0" tests="6" name="testNGProject.SkipTestCases" time="0.012" errors="0" timestamp="2023-12-30T16:56:46 IST" skipped="1">
  <testcase classname="testNGProject.SkipTestCases" name="startTheCar" time="0.003"/>
  <testcase classname="testNGProject.SkipTestCases" name="putFirstGear" time="0.002"/>
  <testcase classname="testNGProject.SkipTestCases" name="putSecondGear" time="0.002"/>
  <testcase classname="testNGProject.SkipTestCases" name="putThirdGear" time="0.002"/>
  <testcase classname="testNGProject.SkipTestCases" name="putFourthGear" time="0.003"/>
  <testcase classname="testNGProject.SkipTestCases" name="musicTurnedOn">
    <skipped/>
  </testcase> <!-- musicTurnedOn -->
</testsuite> <!-- testNGProject.SkipTestCases -->
