<?xml version="1.0" encoding="UTF-8"?>
<!-- Generated by org.testng.reporters.JUnitReportReporter -->
<testsuite hostname="DESKTOP-TA1D4P3" failures="0" tests="1" name="testNGProject.TimeOut" time="2.027" errors="0" timestamp="2024-01-27T16:54:48 IST" skipped="0">
  <testcase classname="testNGProject.TimeOut" name="test" time="2.027"/>
</testsuite> <!-- testNGProject.TimeOut -->
