<?xml version="1.0" encoding="UTF-8"?>
<!-- Generated by org.testng.reporters.JUnitReportReporter -->
<testsuite hostname="DESKTOP-TA1D4P3" failures="0" tests="1" name="testNGProject.AnnotationHireachyExample" time="0.016" errors="0" timestamp="2024-01-02T20:23:43 IST" skipped="0">
  <testcase classname="testNGProject.AnnotationHireachyExample" name="test" time="0.016"/>
</testsuite> <!-- testNGProject.AnnotationHireachyExample -->
