<?xml version="1.0" encoding="UTF-8"?>
<!-- Generated by org.testng.reporters.JUnitReportReporter -->
<testsuite hostname="DESKTOP-TA1D4P3" failures="0" tests="5" name="testNGProject.DriveACar" time="0.129" errors="0" timestamp="2023-12-30T16:56:46 IST" skipped="0">
  <testcase classname="testNGProject.DriveACar" name="startTheCar" time="0.012"/>
  <testcase classname="testNGProject.DriveACar" name="putFirstGear" time="0.006"/>
  <testcase classname="testNGProject.DriveACar" name="putSecondGear" time="0.008"/>
  <testcase classname="testNGProject.DriveACar" name="putThirdGear" time="0.012"/>
  <testcase classname="testNGProject.DriveACar" name="putFourthGear" time="0.091"/>
</testsuite> <!-- testNGProject.DriveACar -->
