<?xml version="1.0" encoding="UTF-8"?>
<!-- Generated by org.testng.reporters.JUnitReportReporter -->
<testsuite hostname="DESKTOP-TA1D4P3" failures="0" tests="1" name="testNGProject.ParameterizationExample" time="0.019" errors="0" timestamp="2023-12-30T18:32:58 IST" skipped="0">
  <testcase classname="testNGProject.ParameterizationExample" name="printName" time="0.019"/>
</testsuite> <!-- testNGProject.ParameterizationExample -->
