<?xml version="1.0" encoding="UTF-8"?>
<!-- Generated by org.testng.reporters.JUnitReportReporter -->
<testsuite hostname="DESKTOP-TA1D4P3" failures="0" tests="3" name="testNGProject.SuitExample" time="12.993" errors="0" timestamp="2023-12-30T16:56:46 IST" skipped="0">
  <testcase classname="testNGProject.SuitExample" name="openYahoo" time="2.159"/>
  <testcase classname="testNGProject.SuitExample" name="openBing" time="7.685"/>
  <testcase classname="testNGProject.SuitExample" name="openGoogle" time="3.149"/>
</testsuite> <!-- testNGProject.SuitExample -->
