<?xml version="1.0" encoding="UTF-8"?>
<!-- Generated by org.testng.reporters.JUnitReportReporter -->
<testsuite hostname="DESKTOP-TA1D4P3" failures="0" tests="5" name="testNGProject.InvocationCountMultipleTimes" time="0.041" errors="0" timestamp="2024-01-27T16:45:12 IST" skipped="0">
  <testcase classname="testNGProject.InvocationCountMultipleTimes" name="invocationCount" time="0.003"/>
  <testcase classname="testNGProject.InvocationCountMultipleTimes" name="invocationCount" time="0.004"/>
  <testcase classname="testNGProject.InvocationCountMultipleTimes" name="invocationCount" time="0.029"/>
  <testcase classname="testNGProject.InvocationCountMultipleTimes" name="invocationCount" time="0.003"/>
  <testcase classname="testNGProject.InvocationCountMultipleTimes" name="invocationCount" time="0.002"/>
</testsuite> <!-- testNGProject.InvocationCountMultipleTimes -->
