<?xml version="1.0" encoding="UTF-8"?>
<!-- Generated by org.testng.reporters.JUnitReportReporter -->
<testsuite hostname="DESKTOP-TA1D4P3" failures="0" tests="1" name="testNGProject.AssertionExample" time="0.024" errors="0" timestamp="2024-01-02T20:10:10 IST" skipped="0">
  <testcase classname="testNGProject.AssertionExample" name="assertionExample" time="0.024"/>
</testsuite> <!-- testNGProject.AssertionExample -->
