<?xml version="1.0" encoding="UTF-8"?>
<!-- Generated by org.testng.reporters.JUnitReportReporter -->
<testsuite hostname="DESKTOP-TA1D4P3" failures="0" tests="1" name="testNGProject.AssertVsVerify" time="0.034" errors="0" timestamp="2024-01-23T16:32:19 IST" skipped="0">
  <testcase classname="testNGProject.AssertVsVerify" name="verifyTest" time="0.034"/>
</testsuite> <!-- testNGProject.AssertVsVerify -->
