<?xml version="1.0" encoding="UTF-8"?>
<!-- Generated by org.testng.reporters.JUnitReportReporter -->
<testsuite hostname="DESKTOP-TA1D4P3" failures="0" tests="3" name="testNGProject.DependenciesManagment" time="0.033" errors="0" timestamp="2023-12-30T16:56:46 IST" skipped="0">
  <testcase classname="testNGProject.DependenciesManagment" name="highSchool" time="0.013"/>
  <testcase classname="testNGProject.DependenciesManagment" name="higherSecondarySchool" time="0.006"/>
  <testcase classname="testNGProject.DependenciesManagment" name="college" time="0.014"/>
</testsuite> <!-- testNGProject.DependenciesManagment -->
