<?xml version="1.0" encoding="UTF-8"?>
<!-- Generated by org.testng.reporters.JUnitReportReporter -->
<testsuite hostname="DESKTOP-TA1D4P3" failures="0" tests="4" name="testNGProject.GroupingExample" time="0.050" errors="0" timestamp="2023-12-30T17:26:29 IST" skipped="0">
  <testcase classname="testNGProject.GroupingExample" name="moto2" time="0.006"/>
  <testcase classname="testNGProject.GroupingExample" name="vivo1" time="0.004"/>
  <testcase classname="testNGProject.GroupingExample" name="moto1" time="0.029"/>
  <testcase classname="testNGProject.GroupingExample" name="vivo2" time="0.011"/>
</testsuite> <!-- testNGProject.GroupingExample -->
