<?xml version="1.0" encoding="UTF-8"?>
<!-- Generated by org.testng.reporters.JUnitReportReporter -->
<testsuite hostname="DESKTOP-TA1D4P3" failures="0" tests="4" name="testNGProject.TestNGExample" time="0.070" errors="0" timestamp="2023-12-30T16:56:46 IST" skipped="0">
  <testcase classname="testNGProject.TestNGExample" name="SecondTestCases" time="0.015"/>
  <testcase classname="testNGProject.TestNGExample" name="FirstTestCases" time="0.037"/>
  <testcase classname="testNGProject.TestNGExample" name="FourthTestCases" time="0.016"/>
  <testcase classname="testNGProject.TestNGExample" name="ThirdTestCases" time="0.002"/>
</testsuite> <!-- testNGProject.TestNGExample -->
