<?xml version="1.0" encoding="UTF-8"?>
<!-- Generated by org.testng.reporters.JUnitReportReporter -->
<testsuite hostname="DESKTOP-TA1D4P3" failures="0" tests="3" name="testNGProject.HirereachyOfTestNG" time="0.039" errors="0" timestamp="2024-01-24T12:16:46 IST" skipped="0">
  <testcase classname="testNGProject.HirereachyOfTestNG" name="Test3" time="0.010"/>
  <testcase classname="testNGProject.HirereachyOfTestNG" name="Test2" time="0.009"/>
  <testcase classname="testNGProject.HirereachyOfTestNG" name="Test1" time="0.020"/>
</testsuite> <!-- testNGProject.HirereachyOfTestNG -->
